<?xml version="1.0" encoding="UTF-8"?>
<testsuite xmlns:xsi="http://www.w3.org/2001/XMLSchema-instance" xsi:noNamespaceSchemaLocation="https://maven.apache.org/surefire/maven-surefire-plugin/xsd/surefire-test-report.xsd" version="3.0.2" name="com.castles.seudensdocuments.core.integration.StudentServiceImplIntegrationTest" time="0.705" tests="1" errors="1" skipped="0" failures="0">
  <properties>
[...]
</properties>
  <testcase name="" classname="com.castles.seudensdocuments.core.integration.StudentServiceImplIntegrationTest" time="0.705">
    <error message="Could not find a valid Docker environment. Please see logs and check configuration" type="java.lang.IllegalStateException"><![CDATA[java.lang.IllegalStateException: Could not find a valid Docker environment. Please see logs and check configuration
	at org.testcontainers.dockerclient.DockerClientProviderStrategy.lambda$getFirstValidStrategy$7(DockerClientProviderStrategy.java:274)
	at java.base/java.util.Optional.orElseThrow(Optional.java:403)
	at org.testcontainers.dockerclient.DockerClientProviderStrategy.getFirstValidStrategy(DockerClientProviderStrategy.java:265)
	at org.testcontainers.DockerClientFactory.getOrInitializeStrategy(DockerClientFactory.java:154)
	at org.testcontainers.DockerClientFactory.client(DockerClientFactory.java:196)
	at org.testcontainers.DockerClientFactory$1.getDockerClient(DockerClientFactory.java:108)
	at com.github.dockerjava.api.DockerClientDelegate.authConfig(DockerClientDelegate.java:109)
	at org.testcontainers.containers.GenericContainer.start(GenericContainer.java:321)
	at org.testcontainers.junit.jupiter.TestcontainersExtension$StoreAdapter.start(TestcontainersExtension.java:276)
	at org.testcontainers.junit.jupiter.TestcontainersExtension$StoreAdapter.access$200(TestcontainersExtension.java:263)
	at org.testcontainers.junit.jupiter.TestcontainersExtension.lambda$startContainers$4(TestcontainersExtension.java:83)
	at org.testcontainers.junit.jupiter.TestcontainersExtension.lambda$startContainers$5(TestcontainersExtension.java:83)
	at java.base/java.util.ArrayList.forEach(ArrayList.java:1597)
	at org.testcontainers.junit.jupiter.TestcontainersExtension.startContainers(TestcontainersExtension.java:83)
	at org.testcontainers.junit.jupiter.TestcontainersExtension.beforeAll(TestcontainersExtension.java:57)
	at java.base/java.util.ArrayList.forEach(ArrayList.java:1597)
]]></error>
    <system-out><![CDATA[18:46:05,063 |-INFO in ch.qos.logback.classic.LoggerContext[default] - This is logback-classic version 1.5.16
18:46:05,063 |-INFO in ch.qos.logback.classic.LoggerContext[default] - This is logback-core version 1.5.20
18:46:05,063 |-WARN in ch.qos.logback.classic.LoggerContext[default] - Versions of logback-core and logback-classic are different!
18:46:05,064 |-INFO in ch.qos.logback.classic.util.ContextInitializer@1a18644 - Here is a list of configurators discovered as a service, by rank: 
18:46:05,064 |-INFO in ch.qos.logback.classic.util.ContextInitializer@1a18644 -   org.springframework.boot.logging.logback.RootLogLevelConfigurator
18:46:05,064 |-INFO in ch.qos.logback.classic.util.ContextInitializer@1a18644 - They will be invoked in order until ExecutionStatus.DO_NOT_INVOKE_NEXT_IF_ANY is returned.
18:46:05,064 |-INFO in ch.qos.logback.classic.util.ContextInitializer@1a18644 - Constructed configurator of type class org.springframework.boot.logging.logback.RootLogLevelConfigurator
18:46:05,071 |-INFO in ch.qos.logback.classic.util.ContextInitializer@1a18644 - org.springframework.boot.logging.logback.RootLogLevelConfigurator.configure() call lasted 2 milliseconds. ExecutionStatus=INVOKE_NEXT_IF_ANY
18:46:05,071 |-INFO in ch.qos.logback.classic.util.ContextInitializer@1a18644 - Trying to configure with ch.qos.logback.classic.joran.SerializedModelConfigurator
18:46:05,072 |-INFO in ch.qos.logback.classic.util.ContextInitializer@1a18644 - Constructed configurator of type class ch.qos.logback.classic.joran.SerializedModelConfigurator
18:46:05,073 |-INFO in ch.qos.logback.classic.LoggerContext[default] - Could NOT find resource [logback-test.scmo]
18:46:05,073 |-INFO in ch.qos.logback.classic.LoggerContext[default] - Could NOT find resource [logback.scmo]
18:46:05,073 |-INFO in ch.qos.logback.classic.util.ContextInitializer@1a18644 - ch.qos.logback.classic.joran.SerializedModelConfigurator.configure() call lasted 1 milliseconds. ExecutionStatus=INVOKE_NEXT_IF_ANY
18:46:05,073 |-INFO in ch.qos.logback.classic.util.ContextInitializer@1a18644 - Trying to configure with ch.qos.logback.classic.util.DefaultJoranConfigurator
18:46:05,074 |-INFO in ch.qos.logback.classic.util.ContextInitializer@1a18644 - Constructed configurator of type class ch.qos.logback.classic.util.DefaultJoranConfigurator
18:46:05,074 |-INFO in ch.qos.logback.classic.LoggerContext[default] - Could NOT find resource [logback-test.xml]
18:46:05,074 |-INFO in ch.qos.logback.classic.LoggerContext[default] - Could NOT find resource [logback.xml]
18:46:05,074 |-INFO in ch.qos.logback.classic.util.ContextInitializer@1a18644 - ch.qos.logback.classic.util.DefaultJoranConfigurator.configure() call lasted 0 milliseconds. ExecutionStatus=INVOKE_NEXT_IF_ANY
18:46:05,074 |-INFO in ch.qos.logback.classic.util.ContextInitializer@1a18644 - Trying to configure with ch.qos.logback.classic.BasicConfigurator
18:46:05,074 |-INFO in ch.qos.logback.classic.util.ContextInitializer@1a18644 - Constructed configurator of type class ch.qos.logback.classic.BasicConfigurator
18:46:05,074 |-INFO in ch.qos.logback.classic.BasicConfigurator@5acf93bb - Setting up default configuration.
18:46:05,086 |-INFO in ch.qos.logback.core.ConsoleAppender[console] - NOTE: Writing to the console can be slow. Try to avoid logging to the 
18:46:05,086 |-INFO in ch.qos.logback.core.ConsoleAppender[console] - console in production environments, especially in high volume systems.
18:46:05,086 |-INFO in ch.qos.logback.core.ConsoleAppender[console] - See also https://logback.qos.ch/codes.html#slowConsole
18:46:05,086 |-INFO in ch.qos.logback.classic.util.ContextInitializer@1a18644 - ch.qos.logback.classic.BasicConfigurator.configure() call lasted 12 milliseconds. ExecutionStatus=NEUTRAL

18:46:05.159 [main] INFO org.springframework.test.context.support.AnnotationConfigContextLoaderUtils -- Could not detect default configuration classes for test class [com.castles.seudensdocuments.core.integration.StudentServiceImplIntegrationTest]: StudentServiceImplIntegrationTest does not declare any static, non-private, non-final, nested classes annotated with @Configuration.
18:46:05.250 [main] INFO org.springframework.boot.test.context.SpringBootTestContextBootstrapper -- Found @SpringBootConfiguration com.castles.seudensdocuments.core.StudentsDocumentsApplication for test class com.castles.seudensdocuments.core.integration.StudentServiceImplIntegrationTest
18:46:05.375 [main] INFO org.testcontainers.images.PullPolicy -- Image pull policy will be performed by: DefaultPullPolicy()
18:46:05.378 [main] INFO org.testcontainers.utility.ImageNameSubstitutor -- Image name substitution will be performed by: DefaultImageNameSubstitutor (composite of 'ConfigurationFileImageNameSubstitutor' and 'PrefixingImageNameSubstitutor')
18:46:05.424 [main] INFO org.testcontainers.DockerClientFactory -- Testcontainers version: 1.20.5
18:46:05.733 [main] INFO org.testcontainers.dockerclient.DockerMachineClientProviderStrategy -- docker-machine executable was not found on PATH ([C:\Program Files\Common Files\Oracle\Java\javapath, C:\Program Files (x86)\Common Files\Oracle\Java\java8path, C:\Program Files (x86)\Common Files\Oracle\Java\javapath, C:\WINDOWS\system32, C:\WINDOWS, C:\WINDOWS\System32\Wbem, C:\WINDOWS\System32\WindowsPowerShell\v1.0\, C:\WINDOWS\System32\OpenSSH\, C:\Program Files (x86)\NVIDIA Corporation\PhysX\Common, C:\Program Files\dotnet\, C:\Program Files (x86)\Windows Kits\10\Windows Performance Toolkit\, C:\Program Files\Microsoft SQL Server\120\Tools\Binn\, C:\Program Files\Common Files\Autodesk Shared\, C:\Program Files\NVIDIA Corporation\NVIDIA app\NvDLISR, C:\Program Files\Git\cmd, C:\Program Files\Docker\Docker\resources\bin, C:\Program Files\RuDesktop\, C:\Users\Kings\AppData\Local\Microsoft\WindowsApps, C:\Users\Kings\.dotnet\tools])
18:46:05.734 [main] ERROR org.testcontainers.dockerclient.DockerClientProviderStrategy -- Could not find a valid Docker environment. Please check configuration. Attempted configurations were:
	NpipeSocketClientProviderStrategy: failed with exception BadRequestException (Status 400: {"ID":"","Containers":0,"ContainersRunning":0,"ContainersPaused":0,"ContainersStopped":0,"Images":0,"Driver":"","DriverStatus":null,"Plugins":{"Volume":null,"Network":null,"Authorization":null,"Log":null},"MemoryLimit":false,"SwapLimit":false,"CpuCfsPeriod":false,"CpuCfsQuota":false,"CPUShares":false,"CPUSet":false,"PidsLimit":false,"IPv4Forwarding":false,"Debug":false,"NFd":0,"OomKillDisable":false,"NGoroutines":0,"SystemTime":"","LoggingDriver":"","CgroupDriver":"","NEventsListener":0,"KernelVersion":"","OperatingSystem":"","OSVersion":"","OSType":"","Architecture":"","IndexServerAddress":"","RegistryConfig":null,"NCPU":0,"MemTotal":0,"GenericResources":null,"DockerRootDir":"","HttpProxy":"","HttpsProxy":"","NoProxy":"","Name":"","Labels":["com.docker.desktop.address=npipe://\\\\.\\pipe\\docker_cli"],"ExperimentalBuild":false,"ServerVersion":"","Runtimes":null,"DefaultRuntime":"","Swarm":{"NodeID":"","NodeAddr":"","LocalNodeState":"","ControlAvailable":false,"Error":"","RemoteManagers":null},"LiveRestoreEnabled":false,"Isolation":"","InitBinary":"","ContainerdCommit":{"ID":""},"RuncCommit":{"ID":""},"InitCommit":{"ID":""},"SecurityOptions":null,"CDISpecDirs":null,"Warnings":null})As no valid configuration was found, execution cannot continue.
See https://java.testcontainers.org/on_failure.html for more details.
]]></system-out>
  </testcase>
</testsuite>